<?xml version="1.0" encoding="UTF-8" ?>
<testsuite errors="0" failures="1" hostname="sabadosh-thinkpad-x1" name="Test" skipped="0" tests="6" time="0.228" timestamp="2019-02-13T19:35:33">
  <properties>
[...]
</properties>
  <testcase classname="Test" name="testArraySize" time="0.002" />
  <testcase classname="Test" name="addCaloriesTest" time="0.0" />
  <testcase classname="Test" name="removeCaloriesTest" time="0.0" />
  <testcase classname="Test" name="checkList" time="0.0" />
  <testcase classname="Test" name="checkGoalStatus" time="0.001" />
  <testcase classname="Test" name="negative" time="0.005">
    <failure message="expected:&lt;20&gt; but was:&lt;0&gt;" type="junit.framework.AssertionFailedError">junit.framework.AssertionFailedError: expected:&lt;20&gt; but was:&lt;0&gt;
	at Test.negative(Test.java:31)
	at java.base/jdk.internal.reflect.NativeMethodAccessorImpl.invoke0(Native Method)
	at java.base/jdk.internal.reflect.NativeMethodAccessorImpl.invoke(NativeMethodAccessorImpl.java:62)
	at java.base/jdk.internal.reflect.DelegatingMethodAccessorImpl.invoke(DelegatingMethodAccessorImpl.java:43)
</failure>
  </testcase>
  <system-out><![CDATA[]]></system-out>
  <system-err><![CDATA[]]></system-err>
</testsuite>
